{"C:\\Users\\LENOVO\\Documents\\Speer-Tech-back-end_assesment\\controllers\\auth.js": {"path":"C:\\Users\\LENOVO\\Documents\\Speer-Tech-back-end_assesment\\controllers\\auth.js","statementMap":{"0":{"start":{"line":1,"column":18},"end":{"line":1,"column":43}},"1":{"start":{"line":2,"column":17},"end":{"line":2,"column":45}},"2":{"start":{"line":3,"column":40},"end":{"line":3,"column":72}},"3":{"start":{"line":4,"column":19},"end":{"line":4,"column":53}},"4":{"start":{"line":5,"column":15},"end":{"line":24,"column":1}},"5":{"start":{"line":7,"column":2},"end":{"line":18,"column":3}},"6":{"start":{"line":8,"column":25},"end":{"line":8,"column":62}},"7":{"start":{"line":9,"column":4},"end":{"line":9,"column":64}},"8":{"start":{"line":10,"column":4},"end":{"line":10,"column":22}},"9":{"start":{"line":12,"column":4},"end":{"line":17,"column":7}},"10":{"start":{"line":19,"column":2},"end":{"line":23,"column":5}},"11":{"start":{"line":25,"column":15},"end":{"line":67,"column":1}},"12":{"start":{"line":28,"column":2},"end":{"line":60,"column":3}},"13":{"start":{"line":29,"column":30},"end":{"line":29,"column":38}},"14":{"start":{"line":30,"column":4},"end":{"line":30,"column":44}},"15":{"start":{"line":32,"column":4},"end":{"line":39,"column":5}},"16":{"start":{"line":33,"column":6},"end":{"line":38,"column":9}},"17":{"start":{"line":41,"column":23},"end":{"line":41,"column":69}},"18":{"start":{"line":44,"column":4},"end":{"line":51,"column":5}},"19":{"start":{"line":45,"column":6},"end":{"line":50,"column":9}},"20":{"start":{"line":52,"column":4},"end":{"line":52,"column":33}},"21":{"start":{"line":54,"column":4},"end":{"line":59,"column":7}},"22":{"start":{"line":61,"column":2},"end":{"line":66,"column":5}},"23":{"start":{"line":69,"column":0},"end":{"line":69,"column":34}}},"fnMap":{"0":{"name":"(anonymous_0)","decl":{"start":{"line":5,"column":15},"end":{"line":5,"column":16}},"loc":{"start":{"line":5,"column":35},"end":{"line":24,"column":1}},"line":5},"1":{"name":"(anonymous_1)","decl":{"start":{"line":25,"column":15},"end":{"line":25,"column":16}},"loc":{"start":{"line":25,"column":35},"end":{"line":67,"column":1}},"line":25}},"branchMap":{"0":{"loc":{"start":{"line":32,"column":4},"end":{"line":39,"column":5}},"type":"if","locations":[{"start":{"line":32,"column":4},"end":{"line":39,"column":5}},{"start":{},"end":{}}],"line":32},"1":{"loc":{"start":{"line":44,"column":4},"end":{"line":51,"column":5}},"type":"if","locations":[{"start":{"line":44,"column":4},"end":{"line":51,"column":5}},{"start":{},"end":{}}],"line":44}},"s":{"0":1,"1":1,"2":1,"3":1,"4":1,"5":1,"6":1,"7":1,"8":1,"9":0,"10":1,"11":1,"12":3,"13":3,"14":3,"15":3,"16":1,"17":2,"18":2,"19":0,"20":2,"21":0,"22":2,"23":1},"f":{"0":1,"1":3},"b":{"0":[1,2],"1":[0,2]},"_coverageSchema":"1a1c01bbd47fc00a2c39e90264f33305004495a9","hash":"9a045a4c441a08ac14407ea55b5fdd203959eba6"}
,"C:\\Users\\LENOVO\\Documents\\Speer-Tech-back-end_assesment\\controllers\\notes.js": {"path":"C:\\Users\\LENOVO\\Documents\\Speer-Tech-back-end_assesment\\controllers\\notes.js","statementMap":{"0":{"start":{"line":2,"column":18},"end":{"line":2,"column":44}},"1":{"start":{"line":3,"column":18},"end":{"line":3,"column":43}},"2":{"start":{"line":4,"column":17},"end":{"line":4,"column":45}},"3":{"start":{"line":5,"column":21},"end":{"line":5,"column":55}},"4":{"start":{"line":7,"column":19},"end":{"line":34,"column":1}},"5":{"start":{"line":9,"column":2},"end":{"line":28,"column":3}},"6":{"start":{"line":10,"column":29},"end":{"line":10,"column":37}},"7":{"start":{"line":11,"column":28},"end":{"line":11,"column":39}},"8":{"start":{"line":13,"column":18},"end":{"line":13,"column":45}},"9":{"start":{"line":14,"column":21},"end":{"line":14,"column":44}},"10":{"start":{"line":15,"column":19},"end":{"line":15,"column":27}},"11":{"start":{"line":18,"column":4},"end":{"line":18,"column":61}},"12":{"start":{"line":20,"column":4},"end":{"line":20,"column":22}},"13":{"start":{"line":22,"column":4},"end":{"line":27,"column":7}},"14":{"start":{"line":29,"column":2},"end":{"line":33,"column":5}},"15":{"start":{"line":36,"column":16},"end":{"line":63,"column":1}},"16":{"start":{"line":37,"column":14},"end":{"line":37,"column":16}},"17":{"start":{"line":38,"column":2},"end":{"line":57,"column":3}},"18":{"start":{"line":39,"column":28},"end":{"line":39,"column":39}},"19":{"start":{"line":41,"column":18},"end":{"line":41,"column":45}},"20":{"start":{"line":42,"column":21},"end":{"line":42,"column":44}},"21":{"start":{"line":43,"column":19},"end":{"line":43,"column":27}},"22":{"start":{"line":46,"column":4},"end":{"line":49,"column":7}},"23":{"start":{"line":51,"column":4},"end":{"line":56,"column":7}},"24":{"start":{"line":58,"column":2},"end":{"line":62,"column":5}},"25":{"start":{"line":65,"column":20},"end":{"line":97,"column":1}},"26":{"start":{"line":67,"column":2},"end":{"line":91,"column":3}},"27":{"start":{"line":68,"column":28},"end":{"line":68,"column":39}},"28":{"start":{"line":69,"column":17},"end":{"line":69,"column":27}},"29":{"start":{"line":71,"column":18},"end":{"line":71,"column":45}},"30":{"start":{"line":72,"column":21},"end":{"line":72,"column":44}},"31":{"start":{"line":73,"column":19},"end":{"line":73,"column":27}},"32":{"start":{"line":75,"column":4},"end":{"line":75,"column":64}},"33":{"start":{"line":78,"column":4},"end":{"line":83,"column":5}},"34":{"start":{"line":79,"column":6},"end":{"line":82,"column":19}},"35":{"start":{"line":85,"column":4},"end":{"line":90,"column":7}},"36":{"start":{"line":92,"column":2},"end":{"line":96,"column":5}},"37":{"start":{"line":98,"column":19},"end":{"line":139,"column":1}},"38":{"start":{"line":100,"column":2},"end":{"line":133,"column":3}},"39":{"start":{"line":101,"column":29},"end":{"line":101,"column":37}},"40":{"start":{"line":102,"column":28},"end":{"line":102,"column":39}},"41":{"start":{"line":103,"column":17},"end":{"line":103,"column":27}},"42":{"start":{"line":105,"column":18},"end":{"line":105,"column":45}},"43":{"start":{"line":106,"column":21},"end":{"line":106,"column":44}},"44":{"start":{"line":107,"column":19},"end":{"line":107,"column":27}},"45":{"start":{"line":110,"column":4},"end":{"line":111,"column":26}},"46":{"start":{"line":114,"column":4},"end":{"line":119,"column":5}},"47":{"start":{"line":115,"column":6},"end":{"line":118,"column":19}},"48":{"start":{"line":120,"column":4},"end":{"line":125,"column":5}},"49":{"start":{"line":121,"column":6},"end":{"line":124,"column":19}},"50":{"start":{"line":127,"column":4},"end":{"line":132,"column":7}},"51":{"start":{"line":134,"column":2},"end":{"line":138,"column":5}},"52":{"start":{"line":140,"column":19},"end":{"line":172,"column":1}},"53":{"start":{"line":142,"column":2},"end":{"line":166,"column":3}},"54":{"start":{"line":143,"column":28},"end":{"line":143,"column":39}},"55":{"start":{"line":144,"column":17},"end":{"line":144,"column":27}},"56":{"start":{"line":146,"column":18},"end":{"line":146,"column":45}},"57":{"start":{"line":147,"column":21},"end":{"line":147,"column":44}},"58":{"start":{"line":148,"column":19},"end":{"line":148,"column":27}},"59":{"start":{"line":150,"column":4},"end":{"line":150,"column":66}},"60":{"start":{"line":153,"column":4},"end":{"line":158,"column":5}},"61":{"start":{"line":154,"column":6},"end":{"line":157,"column":19}},"62":{"start":{"line":160,"column":4},"end":{"line":165,"column":7}},"63":{"start":{"line":167,"column":2},"end":{"line":171,"column":5}},"64":{"start":{"line":173,"column":18},"end":{"line":250,"column":1}},"65":{"start":{"line":175,"column":2},"end":{"line":244,"column":3}},"66":{"start":{"line":176,"column":20},"end":{"line":176,"column":28}},"67":{"start":{"line":177,"column":28},"end":{"line":177,"column":39}},"68":{"start":{"line":178,"column":17},"end":{"line":178,"column":27}},"69":{"start":{"line":180,"column":26},"end":{"line":180,"column":58}},"70":{"start":{"line":183,"column":4},"end":{"line":189,"column":5}},"71":{"start":{"line":184,"column":6},"end":{"line":188,"column":9}},"72":{"start":{"line":192,"column":18},"end":{"line":192,"column":45}},"73":{"start":{"line":193,"column":21},"end":{"line":193,"column":44}},"74":{"start":{"line":194,"column":19},"end":{"line":194,"column":27}},"75":{"start":{"line":197,"column":4},"end":{"line":197,"column":64}},"76":{"start":{"line":199,"column":4},"end":{"line":205,"column":5}},"77":{"start":{"line":200,"column":6},"end":{"line":204,"column":9}},"78":{"start":{"line":207,"column":4},"end":{"line":213,"column":5}},"79":{"start":{"line":208,"column":6},"end":{"line":212,"column":9}},"80":{"start":{"line":215,"column":4},"end":{"line":221,"column":5}},"81":{"start":{"line":216,"column":6},"end":{"line":220,"column":9}},"82":{"start":{"line":224,"column":4},"end":{"line":230,"column":5}},"83":{"start":{"line":225,"column":6},"end":{"line":229,"column":9}},"84":{"start":{"line":234,"column":4},"end":{"line":234,"column":40}},"85":{"start":{"line":236,"column":4},"end":{"line":236,"column":22}},"86":{"start":{"line":238,"column":4},"end":{"line":243,"column":7}},"87":{"start":{"line":245,"column":2},"end":{"line":249,"column":5}},"88":{"start":{"line":251,"column":15},"end":{"line":282,"column":1}},"89":{"start":{"line":253,"column":2},"end":{"line":276,"column":3}},"90":{"start":{"line":254,"column":16},"end":{"line":254,"column":25}},"91":{"start":{"line":255,"column":28},"end":{"line":255,"column":39}},"92":{"start":{"line":257,"column":18},"end":{"line":257,"column":45}},"93":{"start":{"line":258,"column":21},"end":{"line":258,"column":44}},"94":{"start":{"line":259,"column":19},"end":{"line":259,"column":27}},"95":{"start":{"line":261,"column":4},"end":{"line":261,"column":73}},"96":{"start":{"line":262,"column":4},"end":{"line":268,"column":5}},"97":{"start":{"line":263,"column":6},"end":{"line":267,"column":9}},"98":{"start":{"line":270,"column":4},"end":{"line":275,"column":7}},"99":{"start":{"line":277,"column":2},"end":{"line":281,"column":5}},"100":{"start":{"line":285,"column":0},"end":{"line":293,"column":2}}},"fnMap":{"0":{"name":"(anonymous_0)","decl":{"start":{"line":7,"column":19},"end":{"line":7,"column":20}},"loc":{"start":{"line":7,"column":39},"end":{"line":34,"column":1}},"line":7},"1":{"name":"(anonymous_1)","decl":{"start":{"line":36,"column":16},"end":{"line":36,"column":17}},"loc":{"start":{"line":36,"column":36},"end":{"line":63,"column":1}},"line":36},"2":{"name":"(anonymous_2)","decl":{"start":{"line":65,"column":20},"end":{"line":65,"column":21}},"loc":{"start":{"line":65,"column":40},"end":{"line":97,"column":1}},"line":65},"3":{"name":"(anonymous_3)","decl":{"start":{"line":98,"column":19},"end":{"line":98,"column":20}},"loc":{"start":{"line":98,"column":39},"end":{"line":139,"column":1}},"line":98},"4":{"name":"(anonymous_4)","decl":{"start":{"line":140,"column":19},"end":{"line":140,"column":20}},"loc":{"start":{"line":140,"column":39},"end":{"line":172,"column":1}},"line":140},"5":{"name":"(anonymous_5)","decl":{"start":{"line":173,"column":18},"end":{"line":173,"column":19}},"loc":{"start":{"line":173,"column":38},"end":{"line":250,"column":1}},"line":173},"6":{"name":"(anonymous_6)","decl":{"start":{"line":251,"column":15},"end":{"line":251,"column":16}},"loc":{"start":{"line":251,"column":35},"end":{"line":282,"column":1}},"line":251}},"branchMap":{"0":{"loc":{"start":{"line":78,"column":4},"end":{"line":83,"column":5}},"type":"if","locations":[{"start":{"line":78,"column":4},"end":{"line":83,"column":5}},{"start":{},"end":{}}],"line":78},"1":{"loc":{"start":{"line":114,"column":4},"end":{"line":119,"column":5}},"type":"if","locations":[{"start":{"line":114,"column":4},"end":{"line":119,"column":5}},{"start":{},"end":{}}],"line":114},"2":{"loc":{"start":{"line":120,"column":4},"end":{"line":125,"column":5}},"type":"if","locations":[{"start":{"line":120,"column":4},"end":{"line":125,"column":5}},{"start":{},"end":{}}],"line":120},"3":{"loc":{"start":{"line":153,"column":4},"end":{"line":158,"column":5}},"type":"if","locations":[{"start":{"line":153,"column":4},"end":{"line":158,"column":5}},{"start":{},"end":{}}],"line":153},"4":{"loc":{"start":{"line":183,"column":4},"end":{"line":189,"column":5}},"type":"if","locations":[{"start":{"line":183,"column":4},"end":{"line":189,"column":5}},{"start":{},"end":{}}],"line":183},"5":{"loc":{"start":{"line":199,"column":4},"end":{"line":205,"column":5}},"type":"if","locations":[{"start":{"line":199,"column":4},"end":{"line":205,"column":5}},{"start":{},"end":{}}],"line":199},"6":{"loc":{"start":{"line":207,"column":4},"end":{"line":213,"column":5}},"type":"if","locations":[{"start":{"line":207,"column":4},"end":{"line":213,"column":5}},{"start":{},"end":{}}],"line":207},"7":{"loc":{"start":{"line":215,"column":4},"end":{"line":221,"column":5}},"type":"if","locations":[{"start":{"line":215,"column":4},"end":{"line":221,"column":5}},{"start":{},"end":{}}],"line":215},"8":{"loc":{"start":{"line":224,"column":4},"end":{"line":230,"column":5}},"type":"if","locations":[{"start":{"line":224,"column":4},"end":{"line":230,"column":5}},{"start":{},"end":{}}],"line":224},"9":{"loc":{"start":{"line":262,"column":4},"end":{"line":268,"column":5}},"type":"if","locations":[{"start":{"line":262,"column":4},"end":{"line":268,"column":5}},{"start":{},"end":{}}],"line":262}},"s":{"0":1,"1":1,"2":1,"3":1,"4":1,"5":1,"6":1,"7":1,"8":1,"9":1,"10":1,"11":1,"12":1,"13":0,"14":1,"15":1,"16":1,"17":1,"18":1,"19":1,"20":1,"21":1,"22":1,"23":0,"24":1,"25":1,"26":2,"27":2,"28":2,"29":2,"30":2,"31":2,"32":2,"33":2,"34":2,"35":0,"36":0,"37":1,"38":3,"39":3,"40":3,"41":3,"42":3,"43":3,"44":3,"45":3,"46":3,"47":1,"48":2,"49":1,"50":0,"51":1,"52":1,"53":1,"54":1,"55":1,"56":1,"57":1,"58":1,"59":1,"60":1,"61":1,"62":0,"63":0,"64":1,"65":2,"66":2,"67":2,"68":2,"69":2,"70":2,"71":1,"72":1,"73":1,"74":1,"75":1,"76":1,"77":1,"78":0,"79":0,"80":0,"81":0,"82":0,"83":0,"84":0,"85":0,"86":0,"87":0,"88":1,"89":1,"90":1,"91":1,"92":1,"93":1,"94":1,"95":1,"96":1,"97":0,"98":0,"99":1,"100":1},"f":{"0":1,"1":1,"2":2,"3":3,"4":1,"5":2,"6":1},"b":{"0":[2,0],"1":[1,2],"2":[1,1],"3":[1,0],"4":[1,1],"5":[1,0],"6":[0,0],"7":[0,0],"8":[0,0],"9":[0,1]},"_coverageSchema":"1a1c01bbd47fc00a2c39e90264f33305004495a9","hash":"1cbab255ad8e33031735dd3a3d72a93e0f81ba30"}
,"C:\\Users\\LENOVO\\Documents\\Speer-Tech-back-end_assesment\\models\\notes.js": {"path":"C:\\Users\\LENOVO\\Documents\\Speer-Tech-back-end_assesment\\models\\notes.js","statementMap":{"0":{"start":{"line":1,"column":17},"end":{"line":1,"column":36}},"1":{"start":{"line":2,"column":15},"end":{"line":2,"column":30}},"2":{"start":{"line":3,"column":18},"end":{"line":3,"column":35}},"3":{"start":{"line":5,"column":19},"end":{"line":33,"column":1}},"4":{"start":{"line":35,"column":0},"end":{"line":35,"column":51}},"5":{"start":{"line":37,"column":0},"end":{"line":47,"column":3}},"6":{"start":{"line":38,"column":24},"end":{"line":38,"column":59}},"7":{"start":{"line":39,"column":26},"end":{"line":39,"column":63}},"8":{"start":{"line":42,"column":27},"end":{"line":42,"column":79}},"9":{"start":{"line":44,"column":2},"end":{"line":44,"column":45}},"10":{"start":{"line":46,"column":2},"end":{"line":46,"column":9}},"11":{"start":{"line":50,"column":18},"end":{"line":50,"column":53}},"12":{"start":{"line":52,"column":0},"end":{"line":52,"column":27}}},"fnMap":{"0":{"name":"(anonymous_0)","decl":{"start":{"line":37,"column":23},"end":{"line":37,"column":24}},"loc":{"start":{"line":37,"column":38},"end":{"line":47,"column":1}},"line":37}},"branchMap":{},"s":{"0":1,"1":1,"2":1,"3":1,"4":1,"5":1,"6":0,"7":0,"8":0,"9":0,"10":0,"11":1,"12":1},"f":{"0":0},"b":{},"_coverageSchema":"1a1c01bbd47fc00a2c39e90264f33305004495a9","hash":"58263b17caaf6ebf8da2b5882710de500785ac19"}
,"C:\\Users\\LENOVO\\Documents\\Speer-Tech-back-end_assesment\\models\\user.js": {"path":"C:\\Users\\LENOVO\\Documents\\Speer-Tech-back-end_assesment\\models\\user.js","statementMap":{"0":{"start":{"line":1,"column":17},"end":{"line":1,"column":36}},"1":{"start":{"line":2,"column":15},"end":{"line":2,"column":30}},"2":{"start":{"line":4,"column":19},"end":{"line":32,"column":1}},"3":{"start":{"line":35,"column":18},"end":{"line":35,"column":53}},"4":{"start":{"line":37,"column":0},"end":{"line":37,"column":27}}},"fnMap":{},"branchMap":{},"s":{"0":2,"1":2,"2":2,"3":2,"4":2},"f":{},"b":{},"_coverageSchema":"1a1c01bbd47fc00a2c39e90264f33305004495a9","hash":"69eddbc0991fe2be97d5cc59fa1972bc4bac69e8"}
,"C:\\Users\\LENOVO\\Documents\\Speer-Tech-back-end_assesment\\utils\\response.js": {"path":"C:\\Users\\LENOVO\\Documents\\Speer-Tech-back-end_assesment\\utils\\response.js","statementMap":{"0":{"start":{"line":1,"column":19},"end":{"line":1,"column":41}},"1":{"start":{"line":4,"column":29},"end":{"line":14,"column":1}},"2":{"start":{"line":16,"column":0},"end":{"line":16,"column":38}}},"fnMap":{},"branchMap":{},"s":{"0":2,"1":2,"2":2},"f":{},"b":{},"_coverageSchema":"1a1c01bbd47fc00a2c39e90264f33305004495a9","hash":"563504031ff7300de875ae7643e97585a20612f1"}
}
