TN:
SF:controllers\auth.js
FN:5,(anonymous_0)
FN:25,(anonymous_1)
FNF:2
FNH:2
FNDA:1,(anonymous_0)
FNDA:3,(anonymous_1)
DA:1,1
DA:2,1
DA:3,1
DA:4,1
DA:5,1
DA:7,1
DA:8,1
DA:9,1
DA:10,1
DA:12,0
DA:19,1
DA:25,1
DA:28,3
DA:29,3
DA:30,3
DA:32,3
DA:33,1
DA:41,2
DA:44,2
DA:45,0
DA:52,2
DA:54,0
DA:61,2
DA:69,1
LF:24
LH:21
BRDA:32,0,0,1
BRDA:32,0,1,2
BRDA:44,1,0,0
BRDA:44,1,1,2
BRF:4
BRH:3
end_of_record
TN:
SF:controllers\notes.js
FN:7,(anonymous_0)
FN:36,(anonymous_1)
FN:65,(anonymous_2)
FN:98,(anonymous_3)
FN:140,(anonymous_4)
FN:173,(anonymous_5)
FN:251,(anonymous_6)
FNF:7
FNH:7
FNDA:1,(anonymous_0)
FNDA:1,(anonymous_1)
FNDA:2,(anonymous_2)
FNDA:3,(anonymous_3)
FNDA:1,(anonymous_4)
FNDA:2,(anonymous_5)
FNDA:1,(anonymous_6)
DA:2,1
DA:3,1
DA:4,1
DA:5,1
DA:7,1
DA:9,1
DA:10,1
DA:11,1
DA:13,1
DA:14,1
DA:15,1
DA:18,1
DA:20,1
DA:22,0
DA:29,1
DA:36,1
DA:37,1
DA:38,1
DA:39,1
DA:41,1
DA:42,1
DA:43,1
DA:46,1
DA:51,0
DA:58,1
DA:65,1
DA:67,2
DA:68,2
DA:69,2
DA:71,2
DA:72,2
DA:73,2
DA:75,2
DA:78,2
DA:79,2
DA:85,0
DA:92,0
DA:98,1
DA:100,3
DA:101,3
DA:102,3
DA:103,3
DA:105,3
DA:106,3
DA:107,3
DA:110,3
DA:114,3
DA:115,1
DA:120,2
DA:121,1
DA:127,0
DA:134,1
DA:140,1
DA:142,1
DA:143,1
DA:144,1
DA:146,1
DA:147,1
DA:148,1
DA:150,1
DA:153,1
DA:154,1
DA:160,0
DA:167,0
DA:173,1
DA:175,2
DA:176,2
DA:177,2
DA:178,2
DA:180,2
DA:183,2
DA:184,1
DA:192,1
DA:193,1
DA:194,1
DA:197,1
DA:199,1
DA:200,1
DA:207,0
DA:208,0
DA:215,0
DA:216,0
DA:224,0
DA:225,0
DA:234,0
DA:236,0
DA:238,0
DA:245,0
DA:251,1
DA:253,1
DA:254,1
DA:255,1
DA:257,1
DA:258,1
DA:259,1
DA:261,1
DA:262,1
DA:263,0
DA:270,0
DA:277,1
DA:285,1
LF:101
LH:82
BRDA:78,0,0,2
BRDA:78,0,1,0
BRDA:114,1,0,1
BRDA:114,1,1,2
BRDA:120,2,0,1
BRDA:120,2,1,1
BRDA:153,3,0,1
BRDA:153,3,1,0
BRDA:183,4,0,1
BRDA:183,4,1,1
BRDA:199,5,0,1
BRDA:199,5,1,0
BRDA:207,6,0,0
BRDA:207,6,1,0
BRDA:215,7,0,0
BRDA:215,7,1,0
BRDA:224,8,0,0
BRDA:224,8,1,0
BRDA:262,9,0,0
BRDA:262,9,1,1
BRF:20
BRH:10
end_of_record
TN:
SF:models\notes.js
FN:37,(anonymous_0)
FNF:1
FNH:0
FNDA:0,(anonymous_0)
DA:1,1
DA:2,1
DA:3,1
DA:5,1
DA:35,1
DA:37,1
DA:38,0
DA:39,0
DA:42,0
DA:44,0
DA:46,0
DA:50,1
DA:52,1
LF:13
LH:8
BRF:0
BRH:0
end_of_record
TN:
SF:models\user.js
FNF:0
FNH:0
DA:1,2
DA:2,2
DA:4,2
DA:35,2
DA:37,2
LF:5
LH:5
BRF:0
BRH:0
end_of_record
TN:
SF:utils\response.js
FNF:0
FNH:0
DA:1,2
DA:4,2
DA:16,2
LF:3
LH:3
BRF:0
BRH:0
end_of_record
